<?xml version="1.0" encoding="UTF-8"?>
<!-- Generated by org.testng.reporters.JUnitReportReporter -->
<testsuite skipped="0" hostname="DESKTOP-KSNI89N" name="Functionalities.Verifying_MobileNames" tests="1" failures="0" timestamp="18 Sep 2018 11:25:44 GMT" time="51.030" errors="0">
  <testcase name="Mobile" time="51.030" classname="Functionalities.Verifying_MobileNames"/>
</testsuite> <!-- Functionalities.Verifying_MobileNames -->
