<?xml version="1.0" encoding="UTF-8"?>
<!-- Generated by org.testng.reporters.JUnitReportReporter -->
<testsuite skipped="0" hostname="DESKTOP-KSNI89N" name="Functionalities.Day_2" tests="1" failures="0" timestamp="24 Oct 2018 09:25:06 GMT" time="33.396" errors="0">
  <testcase name="sonyXperia_cost" time="33.396" classname="Functionalities.Day_2"/>
</testsuite> <!-- Functionalities.Day_2 -->
