<?xml version="1.0" encoding="UTF-8"?>
<!-- Generated by org.testng.reporters.JUnitReportReporter -->
<testsuite skipped="0" hostname="DESKTOP-KSNI89N" name="Functionalities.Day_3" tests="1" failures="0" timestamp="27 Sep 2018 11:11:43 GMT" time="8.516" errors="0">
  <testcase name="AddCart" time="8.516" classname="Functionalities.Day_3"/>
</testsuite> <!-- Functionalities.Day_3 -->
